<?xml version="1.0" encoding="UTF-8"?>
<testng-results ignored="0" total="1" passed="1" failed="0" skipped="0">
  <reporter-output>
  </reporter-output>
  <suite started-at="2023-04-06T12:24:19 IST" name="Suite" finished-at="2023-04-06T12:24:42 IST" duration-ms="23135">
    <groups>
      <group name="cucumber">
        <method signature="AbstractTestNGCucumberTests.runScenario(io.cucumber.testng.PickleWrapper,io.cucumber.testng.FeatureWrapper)[pri:0, instance:com.stores.vemo.cucumberspecifics.TestRunner@6392827e]" name="runScenario" class="io.cucumber.testng.AbstractTestNGCucumberTests"/>
      </group> <!-- cucumber -->
    </groups>
    <test started-at="2023-04-06T12:24:19 IST" name="Test" finished-at="2023-04-06T12:24:42 IST" duration-ms="23135">
      <class name="com.stores.vemo.cucumberspecifics.TestRunner">
        <test-method is-config="true" signature="setUpClass(org.testng.ITestContext)[pri:0, instance:com.stores.vemo.cucumberspecifics.TestRunner@6392827e]" started-at="2023-04-06T12:24:19 IST" name="setUpClass" finished-at="2023-04-06T12:24:20 IST" duration-ms="878" status="PASS">
          <params>
            <param index="0">
              <value>
                <![CDATA[org.testng.TestRunner@36cf16a6]]>
              </value>
            </param>
          </params>
          <reporter-output>
          </reporter-output>
        </test-method> <!-- setUpClass -->
        <test-method signature="runScenario(io.cucumber.testng.PickleWrapper,io.cucumber.testng.FeatureWrapper)[pri:0, instance:com.stores.vemo.cucumberspecifics.TestRunner@6392827e]" started-at="2023-04-06T12:24:20 IST" name="runScenario" description="Runs Cucumber Scenarios" data-provider="scenarios" finished-at="2023-04-06T12:24:40 IST" duration-ms="20565" status="PASS">
          <params>
            <param index="0">
              <value>
                <![CDATA["Logging in with valid credentials"]]>
              </value>
            </param>
            <param index="1">
              <value>
                <![CDATA["Login functionality"]]>
              </value>
            </param>
          </params>
          <reporter-output>
          </reporter-output>
        </test-method> <!-- runScenario -->
        <test-method is-config="true" signature="tearDownClass()[pri:0, instance:com.stores.vemo.cucumberspecifics.TestRunner@6392827e]" started-at="2023-04-06T12:24:40 IST" name="tearDownClass" finished-at="2023-04-06T12:24:42 IST" duration-ms="1658" status="PASS">
          <reporter-output>
          </reporter-output>
        </test-method> <!-- tearDownClass -->
      </class> <!-- com.stores.vemo.cucumberspecifics.TestRunner -->
    </test> <!-- Test -->
  </suite> <!-- Suite -->
</testng-results>
